[debug] [2023-06-09T21:54:09.677Z] ----------------------------------------------------------------------
[debug] [2023-06-09T21:54:09.679Z] Command:       C:\Program Files\nodejs\node.exe C:\Users\14435\AppData\Roaming\npm\node_modules\firebase-tools\lib\bin\firebase.js init
[debug] [2023-06-09T21:54:09.679Z] CLI Version:   12.1.0
[debug] [2023-06-09T21:54:09.680Z] Platform:      win32
[debug] [2023-06-09T21:54:09.680Z] Node Version:  v16.17.0
[debug] [2023-06-09T21:54:09.680Z] Time:          Fri Jun 09 2023 17:54:09 GMT-0400 (Eastern Daylight Time)
[debug] [2023-06-09T21:54:09.681Z] ----------------------------------------------------------------------
[debug] 
[debug] [2023-06-09T21:54:09.728Z] > command requires scopes: ["email","openid","https://www.googleapis.com/auth/cloudplatformprojects.readonly","https://www.googleapis.com/auth/firebase","https://www.googleapis.com/auth/cloud-platform"]
[debug] [2023-06-09T21:54:09.729Z] > authorizing via signed-in user (hemanthreddysamidi3@gmail.com)
[info] 
     ######## #### ########  ######## ########     ###     ######  ########
     ##        ##  ##     ## ##       ##     ##  ##   ##  ##       ##
     ######    ##  ########  ######   ########  #########  ######  ######
     ##        ##  ##    ##  ##       ##     ## ##     ##       ## ##
     ##       #### ##     ## ######## ########  ##     ##  ######  ########

You're about to initialize a Firebase project in this directory:

  E:\ui\lens

Before we get started, keep in mind:

  * You are initializing within an existing Firebase project directory

